INFO	2021-07-27 11:25:30,769	1	FirstPage	[main]	Welcome , pj You logged in my app at : Tue Jul 27 11:25:30 IST 2021
INFO	2021-07-27 11:25:37,012	6244	FirstPage	[main]	You choice the option : 1
INFO	2021-07-28 00:01:44,443	0	FirstPageOfTheApp	[main]	Welcome , Priyanshu You logged in my app at : Wed Jul 28 00:01:44 IST 2021
INFO	2021-07-28 00:02:12,138	27695	FirstPageOfTheApp	[main]	You choice the option : 1
INFO	2021-07-28 00:13:08,431	0	FirstPageOfTheApp	[main]	Welcome , Priyanshu You logged in my app at : Wed Jul 28 00:13:08 IST 2021
INFO	2021-07-28 00:13:19,032	10601	FirstPageOfTheApp	[main]	You choice the option : 1
INFO	2021-07-28 00:44:55,693	0	FirstPageOfTheApp	[main]	Welcome , Prian You logged in my app at : Wed Jul 28 00:44:55 IST 2021
INFO	2021-07-28 00:45:01,585	5892	FirstPageOfTheApp	[main]	You choice the option : 1
INFO	2021-07-28 00:47:31,710	0	FirstPageOfTheApp	[main]	Welcome , ibgf You logged in my app at : Wed Jul 28 00:47:31 IST 2021
INFO	2021-07-28 00:47:36,792	5082	FirstPageOfTheApp	[main]	You choice the option : 1
INFO	2021-07-28 00:49:42,749	0	FirstPageOfTheApp	[main]	Welcome , pj You logged in my app at : Wed Jul 28 00:49:42 IST 2021
INFO	2021-07-28 00:49:48,095	5346	FirstPageOfTheApp	[main]	You choice the option : 1
INFO	2021-07-28 00:50:33,374	0	FirstPageOfTheApp	[main]	Welcome , inccorrect4 You logged in my app at : Wed Jul 28 00:50:33 IST 2021
INFO	2021-07-28 00:50:38,972	5598	FirstPageOfTheApp	[main]	You choice the option : 1
INFO	2021-07-28 01:38:29,405	0	FirstPageOfTheApp	[main]	Welcome , dw You logged in my app at : Wed Jul 28 01:38:29 IST 2021
INFO	2021-07-28 01:38:35,031	5626	FirstPageOfTheApp	[main]	You choice the option : 1
INFO	2021-07-28 01:41:03,095	0	FirstPageOfTheApp	[main]	Welcome , gwrg You logged in my app at : Wed Jul 28 01:41:03 IST 2021
INFO	2021-07-28 01:41:08,450	5355	FirstPageOfTheApp	[main]	You choice the option : 1
INFO	2021-07-28 01:43:53,564	0	FirstPageOfTheApp	[main]	Welcome , vjfu You logged in my app at : Wed Jul 28 01:43:53 IST 2021
INFO	2021-07-28 01:43:58,929	5365	FirstPageOfTheApp	[main]	You choice the option : 1
INFO	2021-07-28 01:45:59,023	0	FirstPageOfTheApp	[main]	Welcome , werew You logged in my app at : Wed Jul 28 01:45:59 IST 2021
INFO	2021-07-28 01:46:04,685	5662	FirstPageOfTheApp	[main]	You choice the option : 1
INFO	2021-07-28 01:47:53,176	0	FirstPageOfTheApp	[main]	Welcome , vdg You logged in my app at : Wed Jul 28 01:47:53 IST 2021
INFO	2021-07-28 01:47:58,621	5445	FirstPageOfTheApp	[main]	You choice the option : 1
INFO	2021-07-28 01:50:04,237	0	FirstPageOfTheApp	[main]	Welcome , qwertyuio You logged in my app at : Wed Jul 28 01:50:04 IST 2021
INFO	2021-07-28 01:50:09,874	5637	FirstPageOfTheApp	[main]	You choice the option : 1
INFO	2021-07-29 00:37:31,289	0	FirstPageOfTheApp	[main]	Welcome , pj You logged in my app at : Thu Jul 29 00:37:30 IST 2021
INFO	2021-07-29 00:37:40,016	8727	FirstPageOfTheApp	[main]	You choice the option : 1
INFO	2021-07-29 00:37:50,373	19084	FirstPageOfTheApp	[main]	Welcome , pj You logged in my app at : Thu Jul 29 00:37:50 IST 2021
INFO	2021-07-29 00:37:58,966	27677	FirstPageOfTheApp	[main]	You choice the option : 1
INFO	2021-07-29 00:39:37,986	0	FirstPageOfTheApp	[main]	Welcome , rrh You logged in my app at : Thu Jul 29 00:39:37 IST 2021
INFO	2021-07-29 00:39:46,264	8278	FirstPageOfTheApp	[main]	You choice the option : 1
INFO	2021-07-29 13:16:48,447	1	FirstPageOfTheApp	[main]	Welcome , pj You logged in my app at : Thu Jul 29 13:16:48 IST 2021
INFO	2021-07-29 13:16:55,319	6873	FirstPageOfTheApp	[main]	You choice the option : 1
INFO	2021-07-29 13:18:27,218	0	FirstPageOfTheApp	[main]	Welcome , pj You logged in my app at : Thu Jul 29 13:18:27 IST 2021
INFO	2021-07-29 13:18:33,781	6563	FirstPageOfTheApp	[main]	You choice the option : 1
INFO	2021-07-29 13:39:16,741	0	FirstPageOfTheApp	[main]	Welcome , priya You logged in my app at : Thu Jul 29 13:39:16 IST 2021
INFO	2021-07-29 13:39:23,474	6733	FirstPageOfTheApp	[main]	You choice the option : 1
INFO	2021-07-29 13:41:05,559	0	FirstPageOfTheApp	[main]	Welcome , priya You logged in my app at : Thu Jul 29 13:41:05 IST 2021
INFO	2021-07-29 13:41:11,735	6176	FirstPageOfTheApp	[main]	You choice the option : 1
INFO	2021-07-29 15:01:24,639	1	FirstPageOfTheApp	[main]	Welcome , rahul You logged in my app at : Thu Jul 29 15:01:24 IST 2021
INFO	2021-07-29 15:01:30,322	5684	FirstPageOfTheApp	[main]	You choice the option : 1
INFO	2021-07-29 23:35:31,025	0	FirstPageOfTheApp	[main]	Welcome , pj You logged in my app at : Thu Jul 29 23:35:30 IST 2021
INFO	2021-07-29 23:35:36,703	5678	FirstPageOfTheApp	[main]	You choice the option : 1
INFO	2021-07-29 23:38:19,584	0	FirstPageOfTheApp	[main]	Welcome , pj You logged in my app at : Thu Jul 29 23:38:19 IST 2021
INFO	2021-07-29 23:38:25,547	5963	FirstPageOfTheApp	[main]	You choice the option : 1
INFO	2021-07-29 23:57:24,427	0	FirstPageOfTheApp	[main]	Welcome , wg You logged in my app at : Thu Jul 29 23:57:24 IST 2021
INFO	2021-07-29 23:57:31,043	6616	FirstPageOfTheApp	[main]	You choice the option : 1
INFO	2021-07-29 23:57:54,101	0	FirstPageOfTheApp	[main]	Welcome , dvsd You logged in my app at : Thu Jul 29 23:57:54 IST 2021
INFO	2021-07-29 23:57:59,682	5581	FirstPageOfTheApp	[main]	You choice the option : 1
INFO	2021-07-30 00:06:45,242	0	FirstPageOfTheApp	[main]	Welcome , priyanshu You logged in my app at : Fri Jul 30 00:06:45 IST 2021
INFO	2021-07-30 00:06:53,821	8579	FirstPageOfTheApp	[main]	You choice the option : 1
INFO	2021-07-30 00:10:17,960	0	FirstPageOfTheApp	[main]	Welcome , pe You logged in my app at : Fri Jul 30 00:10:17 IST 2021
INFO	2021-07-30 00:10:23,673	5713	FirstPageOfTheApp	[main]	You choice the option : 1
INFO	2021-07-30 00:12:37,428	0	FirstPageOfTheApp	[main]	Welcome , dgew You logged in my app at : Fri Jul 30 00:12:37 IST 2021
INFO	2021-07-30 00:12:42,856	5428	FirstPageOfTheApp	[main]	You choice the option : 1
INFO	2021-07-30 00:15:23,891	1	FirstPageOfTheApp	[main]	Welcome , rhwg You logged in my app at : Fri Jul 30 00:15:23 IST 2021
INFO	2021-07-30 00:15:29,674	5784	FirstPageOfTheApp	[main]	You choice the option : 1
INFO	2021-07-30 00:16:38,943	0	FirstPageOfTheApp	[main]	Welcome , aanya You logged in my app at : Fri Jul 30 00:16:38 IST 2021
INFO	2021-07-30 00:16:44,510	5567	FirstPageOfTheApp	[main]	You choice the option : 1
INFO	2021-07-30 00:24:48,384	0	FirstPageOfTheApp	[main]	Welcome , erger You logged in my app at : Fri Jul 30 00:24:48 IST 2021
INFO	2021-07-30 00:24:54,120	5736	FirstPageOfTheApp	[main]	You choice the option : 1
INFO	2021-07-30 00:25:44,256	0	FirstPageOfTheApp	[main]	Welcome , qwertyuio You logged in my app at : Fri Jul 30 00:25:44 IST 2021
INFO	2021-07-30 00:25:49,927	5671	FirstPageOfTheApp	[main]	You choice the option : 1
INFO	2021-07-30 00:28:13,444	0	FirstPageOfTheApp	[main]	Welcome , wertyui You logged in my app at : Fri Jul 30 00:28:13 IST 2021
INFO	2021-07-30 00:28:19,042	5598	FirstPageOfTheApp	[main]	You choice the option : 1
INFO	2021-07-30 00:43:08,135	0	FirstPageOfTheApp	[main]	Welcome , sdfghj You logged in my app at : Fri Jul 30 00:43:08 IST 2021
INFO	2021-07-30 00:43:18,957	10822	FirstPageOfTheApp	[main]	You choice the option : 1
INFO	2021-07-30 00:44:12,641	0	FirstPageOfTheApp	[main]	Welcome , sed You logged in my app at : Fri Jul 30 00:44:12 IST 2021
INFO	2021-07-30 00:44:18,881	6240	FirstPageOfTheApp	[main]	You choice the option : 1
INFO	2021-07-30 00:45:20,969	0	FirstPageOfTheApp	[main]	Welcome , wsedfcvgbh You logged in my app at : Fri Jul 30 00:45:20 IST 2021
INFO	2021-07-30 00:45:26,353	5384	FirstPageOfTheApp	[main]	You choice the option : 1
INFO	2021-07-30 00:47:16,770	0	FirstPageOfTheApp	[main]	Welcome , dr You logged in my app at : Fri Jul 30 00:47:16 IST 2021
INFO	2021-07-30 00:47:22,563	5793	FirstPageOfTheApp	[main]	You choice the option : 1
INFO	2021-07-30 01:44:10,001	0	FirstPageOfTheApp	[main]	Welcome , sedfgh You logged in my app at : Fri Jul 30 01:44:09 IST 2021
INFO	2021-07-30 01:44:18,790	8789	FirstPageOfTheApp	[main]	You choice the option : 1
INFO	2021-07-30 01:50:12,127	0	FirstPageOfTheApp	[main]	Welcome , ewg You logged in my app at : Fri Jul 30 01:50:12 IST 2021
INFO	2021-07-30 01:50:18,110	5983	FirstPageOfTheApp	[main]	You choice the option : 1
INFO	2021-07-30 01:50:57,650	0	FirstPageOfTheApp	[main]	Welcome , defgvh You logged in my app at : Fri Jul 30 01:50:57 IST 2021
INFO	2021-07-30 01:51:03,101	5451	FirstPageOfTheApp	[main]	You choice the option : 1
INFO	2021-07-30 01:53:17,826	0	FirstPageOfTheApp	[main]	Welcome , srefc You logged in my app at : Fri Jul 30 01:53:17 IST 2021
INFO	2021-07-30 01:53:23,469	5643	FirstPageOfTheApp	[main]	You choice the option : 1
INFO	2021-07-30 09:50:39,446	0	FirstPageOfTheApp	[main]	Welcome , priyansh You logged in my app at : Fri Jul 30 09:50:39 IST 2021
INFO	2021-07-30 09:50:45,338	5892	FirstPageOfTheApp	[main]	You choice the option : 1
INFO	2021-07-30 10:00:00,800	0	FirstPageOfTheApp	[main]	Welcome , sxcvb You logged in my app at : Fri Jul 30 10:00:00 IST 2021
INFO	2021-07-30 10:00:07,817	7017	FirstPageOfTheApp	[main]	You choice the option : 1
INFO	2021-07-30 10:01:40,312	0	FirstPageOfTheApp	[main]	Welcome , priyanshu You logged in my app at : Fri Jul 30 10:01:40 IST 2021
INFO	2021-07-30 10:01:47,940	7628	FirstPageOfTheApp	[main]	You choice the option : 1
INFO	2021-07-30 10:02:21,228	1	FirstPageOfTheApp	[main]	Welcome , dxfcv You logged in my app at : Fri Jul 30 10:02:21 IST 2021
INFO	2021-07-30 10:02:26,795	5568	FirstPageOfTheApp	[main]	You choice the option : 1
INFO	2021-07-30 10:04:13,654	0	FirstPageOfTheApp	[main]	Welcome , aakash You logged in my app at : Fri Jul 30 10:04:13 IST 2021
INFO	2021-07-30 10:04:18,990	5336	FirstPageOfTheApp	[main]	You choice the option : 1
INFO	2021-07-30 16:12:46,809	0	FirstPageOfTheApp	[main]	Welcome , priyanshu You logged in my app at : Fri Jul 30 16:12:46 IST 2021
INFO	2021-07-30 16:12:59,456	12647	FirstPageOfTheApp	[main]	You choice the option : 1
INFO	2021-07-30 16:14:20,231	1	FirstPageOfTheApp	[main]	You choice the option : 1
INFO	2021-07-30 16:18:11,783	0	FirstPageOfTheApp	[main]	Welcome , sdfg You logged in my app at : Fri Jul 30 16:18:11 IST 2021
INFO	2021-07-30 16:18:47,831	1	FirstPageOfTheApp	[main]	Welcome , xcvb You logged in my app at : Fri Jul 30 16:18:47 IST 2021
INFO	2021-07-30 16:18:53,570	5740	FirstPageOfTheApp	[main]	You choice the option : 1
INFO	2021-07-30 22:34:34,167	0	FirstPageOfTheApp	[main]	Welcome , Megha You logged in my app at : Fri Jul 30 22:34:34 IST 2021
INFO	2021-07-30 22:35:50,553	0	FirstPageOfTheApp	[main]	Welcome , Megha You logged in my app at : Fri Jul 30 22:35:50 IST 2021
INFO	2021-07-30 22:37:32,966	102413	FirstPageOfTheApp	[main]	You choice the option : 1
INFO	2021-07-30 22:38:26,478	155925	FirstPageOfTheApp	[main]	Welcome , Megha You logged in my app at : Fri Jul 30 22:38:26 IST 2021
INFO	2021-07-30 22:38:35,220	164667	FirstPageOfTheApp	[main]	You choice the option : 1
INFO	2021-07-30 23:01:15,492	0	FirstPageOfTheApp	[main]	Welcome , Megha You logged in my app at : Fri Jul 30 23:01:15 IST 2021
INFO	2021-07-30 23:01:21,197	5705	FirstPageOfTheApp	[main]	You choice the option : 1
INFO	2021-07-30 23:01:26,535	11043	FirstPageOfTheApp	[main]	Welcome , g You logged in my app at : Fri Jul 30 23:01:26 IST 2021
INFO	2021-07-30 23:01:31,845	16353	FirstPageOfTheApp	[main]	You choice the option : 1
INFO	2021-07-30 23:02:00,787	45295	FirstPageOfTheApp	[main]	Welcome , bn You logged in my app at : Fri Jul 30 23:02:00 IST 2021
INFO	2021-07-31 11:34:11,313	0	FirstPageOfTheApp	[main]	Welcome , testing You logged in my app at : Sat Jul 31 11:34:11 IST 2021
INFO	2021-07-31 11:34:24,044	12731	FirstPageOfTheApp	[main]	You choice the option : 1
INFO	2021-07-31 11:42:34,793	0	FirstPageOfTheApp	[main]	Welcome , testing You logged in my app at : Sat Jul 31 11:42:34 IST 2021
INFO	2021-07-31 11:42:40,429	5636	FirstPageOfTheApp	[main]	You choice the option : 1
INFO	2021-07-31 11:46:10,341	0	FirstPageOfTheApp	[main]	Welcome , testing You logged in my app at : Sat Jul 31 11:46:10 IST 2021
INFO	2021-07-31 11:46:16,169	5828	FirstPageOfTheApp	[main]	You choice the option : 1
INFO	2021-07-31 12:36:08,668	0	FirstPageOfTheApp	[main]	Welcome ,  You logged in my app at : Sat Jul 31 12:36:08 IST 2021
INFO	2021-07-31 12:36:14,349	5681	FirstPageOfTheApp	[main]	You choice the option : 1
INFO	2021-07-31 12:37:43,905	0	FirstPageOfTheApp	[main]	Welcome , testing You logged in my app at : Sat Jul 31 12:37:43 IST 2021
INFO	2021-07-31 12:37:49,574	5669	FirstPageOfTheApp	[main]	You choice the option : 1
INFO	2021-07-31 12:38:23,209	0	FirstPageOfTheApp	[main]	Welcome , testing You logged in my app at : Sat Jul 31 12:38:23 IST 2021
INFO	2021-07-31 12:38:28,680	5471	FirstPageOfTheApp	[main]	You choice the option : 1
INFO	2021-07-31 12:41:01,183	0	FirstPageOfTheApp	[main]	Welcome , d You logged in my app at : Sat Jul 31 12:41:01 IST 2021
INFO	2021-07-31 12:41:06,387	5204	FirstPageOfTheApp	[main]	You choice the option : 1
INFO	2021-07-31 12:42:34,261	0	FirstPageOfTheApp	[main]	Welcome , testing You logged in my app at : Sat Jul 31 12:42:34 IST 2021
INFO	2021-07-31 12:42:39,934	5673	FirstPageOfTheApp	[main]	You choice the option : 1
INFO	2021-07-31 12:43:57,433	0	FirstPageOfTheApp	[main]	Welcome , pj You logged in my app at : Sat Jul 31 12:43:57 IST 2021
INFO	2021-07-31 12:44:02,879	5446	FirstPageOfTheApp	[main]	You choice the option : 1
INFO	2021-07-31 12:56:50,152	0	FirstPageOfTheApp	[main]	Welcome , testing You logged in my app at : Sat Jul 31 12:56:50 IST 2021
INFO	2021-07-31 12:56:55,292	5140	FirstPageOfTheApp	[main]	You choice the option : 1
INFO	2021-07-31 12:58:34,457	1	FirstPageOfTheApp	[main]	Welcome , testtinIf You logged in my app at : Sat Jul 31 12:58:34 IST 2021
INFO	2021-07-31 12:58:39,800	5344	FirstPageOfTheApp	[main]	You choice the option : 1
INFO	2021-07-31 13:01:26,876	0	FirstPageOfTheApp	[main]	Welcome , testing1 You logged in my app at : Sat Jul 31 13:01:26 IST 2021
INFO	2021-07-31 13:01:31,946	5070	FirstPageOfTheApp	[main]	You choice the option : 1
INFO	2021-07-31 13:02:01,796	0	FirstPageOfTheApp	[main]	Welcome , testinh You logged in my app at : Sat Jul 31 13:02:01 IST 2021
INFO	2021-07-31 13:02:07,013	5217	FirstPageOfTheApp	[main]	You choice the option : 1
INFO	2021-07-31 13:03:40,858	0	FirstPageOfTheApp	[main]	Welcome , sdfghj You logged in my app at : Sat Jul 31 13:03:40 IST 2021
INFO	2021-07-31 13:03:45,882	5024	FirstPageOfTheApp	[main]	You choice the option : 1
INFO	2021-07-31 14:57:45,156	0	FirstPageOfTheApp	[main]	Welcome , poiuytre You logged in my app at : Sat Jul 31 14:57:45 IST 2021
INFO	2021-07-31 14:57:51,098	5942	FirstPageOfTheApp	[main]	You choice the option : 1
INFO	2021-07-31 16:07:47,628	0	FirstPageOfTheApp	[main]	Welcome , szdxcv You logged in my app at : Sat Jul 31 16:07:47 IST 2021
INFO	2021-07-31 16:09:26,437	1	FirstPageOfTheApp	[main]	Welcome , swdfcvgbhn You logged in my app at : Sat Jul 31 16:09:26 IST 2021
INFO	2021-07-31 16:09:31,912	5476	FirstPageOfTheApp	[main]	You choice the option : 2
INFO	2021-07-31 16:21:11,626	0	FirstPageOfTheApp	[main]	Welcome , ettey You logged in my app at : Sat Jul 31 16:21:11 IST 2021
INFO	2021-07-31 16:21:16,828	5202	FirstPageOfTheApp	[main]	You choice the option : 2
INFO	2021-07-31 16:21:33,327	21701	FirstPageOfTheApp	[main]	Welcome , ml, You logged in my app at : Sat Jul 31 16:21:33 IST 2021
INFO	2021-07-31 16:21:39,177	27551	FirstPageOfTheApp	[main]	You choice the option : 2
INFO	2021-07-31 16:43:41,372	0	FirstPageOfTheApp	[main]	Welcome , priyanshu You logged in my app at : Sat Jul 31 16:43:41 IST 2021
INFO	2021-07-31 16:43:56,325	14953	FirstPageOfTheApp	[main]	You choice the option : 1
INFO	2021-07-31 16:46:23,373	0	FirstPageOfTheApp	[main]	Welcome , priys You logged in my app at : Sat Jul 31 16:46:23 IST 2021
INFO	2021-07-31 16:46:29,078	5705	FirstPageOfTheApp	[main]	You choice the option : 1
INFO	2021-07-31 16:50:18,474	235101	FirstPageOfTheApp	[main]	Welcome , dfghj You logged in my app at : Sat Jul 31 16:50:18 IST 2021
INFO	2021-07-31 16:50:27,088	243715	FirstPageOfTheApp	[main]	You choice the option : 2
INFO	2021-08-01 11:15:07,276	0	FirstPageOfTheApp	[main]	Welcome , awsdfgbn You logged in my app at : Sun Aug 01 11:15:07 IST 2021
INFO	2021-08-01 11:15:12,658	5382	FirstPageOfTheApp	[main]	You choice the option : 1
INFO	2021-08-01 16:35:03,244	0	FirstPageOfTheApp	[main]	Welcome , rerg You logged in my app at : Sun Aug 01 16:35:03 IST 2021
INFO	2021-08-01 16:35:13,951	10707	FirstPageOfTheApp	[main]	You choice the option : 1
INFO	2021-08-01 18:30:26,747	0	FirstPageOfTheApp	[main]	Welcome , testing You logged in my app at : Sun Aug 01 18:30:26 IST 2021
INFO	2021-08-01 18:30:32,220	5473	FirstPageOfTheApp	[main]	You choice the option : 1
INFO	2021-08-01 18:31:26,935	0	FirstPageOfTheApp	[main]	Welcome , testing You logged in my app at : Sun Aug 01 18:31:26 IST 2021
INFO	2021-08-01 18:31:33,047	6112	FirstPageOfTheApp	[main]	You choice the option : 1
INFO	2021-08-01 18:35:42,073	95175637	FirstPageOfTheApp	[main]	Welcome , dfgvhbn You logged in my app at : Sun Aug 01 18:35:42 IST 2021
INFO	2021-08-01 22:22:55,184	0	FirstPageOfTheApp	[main]	Welcome , sdfcvgbhm You logged in my app at : Sun Aug 01 22:22:55 IST 2021
INFO	2021-08-01 22:23:00,615	5431	FirstPageOfTheApp	[main]	You choice the option : 2
INFO	2021-08-01 22:31:50,283	0	FirstPageOfTheApp	[main]	Welcome , fbwr You logged in my app at : Sun Aug 01 22:31:50 IST 2021
INFO	2021-08-01 22:31:55,732	5449	FirstPageOfTheApp	[main]	You choice the option : 2
INFO	2021-08-01 22:34:26,753	0	FirstPageOfTheApp	[main]	Welcome , list You logged in my app at : Sun Aug 01 22:34:26 IST 2021
INFO	2021-08-01 22:34:32,089	5336	FirstPageOfTheApp	[main]	You choice the option : 2
INFO	2021-08-01 22:35:52,237	0	FirstPageOfTheApp	[main]	Welcome , listcheck You logged in my app at : Sun Aug 01 22:35:52 IST 2021
INFO	2021-08-01 22:35:57,435	5198	FirstPageOfTheApp	[main]	You choice the option : 2
INFO	2021-08-01 22:37:54,004	0	FirstPageOfTheApp	[main]	Welcome , szxdfgv You logged in my app at : Sun Aug 01 22:37:53 IST 2021
INFO	2021-08-01 22:37:59,535	5531	FirstPageOfTheApp	[main]	You choice the option : 2
INFO	2021-08-01 22:48:57,153	0	FirstPageOfTheApp	[main]	Welcome , test\ You logged in my app at : Sun Aug 01 22:48:57 IST 2021
INFO	2021-08-01 22:49:02,302	5149	FirstPageOfTheApp	[main]	You choice the option : 2
INFO	2021-08-01 22:50:15,723	0	FirstPageOfTheApp	[main]	Welcome , testing You logged in my app at : Sun Aug 01 22:50:15 IST 2021
INFO	2021-08-01 22:50:20,998	5275	FirstPageOfTheApp	[main]	You choice the option : 2
INFO	2021-08-01 23:01:03,230	0	FirstPageOfTheApp	[main]	Welcome , gb You logged in my app at : Sun Aug 01 23:01:03 IST 2021
INFO	2021-08-01 23:01:08,563	5333	FirstPageOfTheApp	[main]	You choice the option : 2
INFO	2021-08-01 23:01:42,784	0	FirstPageOfTheApp	[main]	Welcome , dxf You logged in my app at : Sun Aug 01 23:01:42 IST 2021
INFO	2021-08-01 23:01:49,380	6596	FirstPageOfTheApp	[main]	You choice the option : 2
INFO	2021-08-01 23:02:40,789	0	FirstPageOfTheApp	[main]	Welcome , sedrfgvhb You logged in my app at : Sun Aug 01 23:02:40 IST 2021
INFO	2021-08-01 23:02:46,155	5366	FirstPageOfTheApp	[main]	You choice the option : 2
